Build started 8/1/2014 11:58:20 AM.
     1>Project "c:\Users\MRANA\documents\visual studio 2010\Projects\gitdemo\gitdemo\gitdemo.vcxproj" on node 2 (build target(s)).
     1>PrepareForBuild:
         Creating directory "c:\users\mrana\documents\visual studio 2010\Projects\gitdemo\Debug\".
       InitializeBuildStatus:
         Creating "Debug\gitdemo.unsuccessfulbuild" because "AlwaysCreate" was specified.
       ClCompile:
         C:\Program Files (x86)\Microsoft Visual Studio 10.0\VC\bin\CL.exe /c /ZI /nologo /W3 /WX- /Od /Oy- /D _MBCS /Gm /EHsc /RTC1 /MDd /GS /fp:precise /Zc:wchar_t /Zc:forScope /Fo"Debug\\" /Fd"Debug\vc100.pdb" /Gd /TP /analyze- /errorReport:prompt gitdemo.cpp
         gitdemo.cpp
       Link:
         C:\Program Files (x86)\Microsoft Visual Studio 10.0\VC\bin\link.exe /ERRORREPORT:PROMPT /OUT:"c:\users\mrana\documents\visual studio 2010\Projects\gitdemo\Debug\gitdemo.exe" /NOLOGO kernel32.lib user32.lib gdi32.lib winspool.lib comdlg32.lib advapi32.lib shell32.lib ole32.lib oleaut32.lib uuid.lib odbc32.lib odbccp32.lib /MANIFEST /ManifestFile:"Debug\gitdemo.exe.intermediate.manifest" /MANIFESTUAC:"level='asInvoker' uiAccess='false'" /DEBUG /PDB:"c:\users\mrana\documents\visual studio 2010\Projects\gitdemo\Debug\gitdemo.pdb" /TLBID:1 /DYNAMICBASE /NXCOMPAT /IMPLIB:"c:\users\mrana\documents\visual studio 2010\Projects\gitdemo\Debug\gitdemo.lib" /MACHINE:X86 Debug\gitdemo.obj
         gitdemo.vcxproj -> c:\users\mrana\documents\visual studio 2010\Projects\gitdemo\Debug\gitdemo.exe
       Manifest:
         C:\Program Files (x86)\Microsoft SDKs\Windows\v7.0A\bin\mt.exe /nologo /verbose /outputresource:"c:\users\mrana\documents\visual studio 2010\Projects\gitdemo\Debug\gitdemo.exe;#1" /manifest Debug\gitdemo.exe.intermediate.manifest
       FinalizeBuildStatus:
         Deleting file "Debug\gitdemo.unsuccessfulbuild".
         Touching "Debug\gitdemo.lastbuildstate".
     1>Done Building Project "c:\Users\MRANA\documents\visual studio 2010\Projects\gitdemo\gitdemo\gitdemo.vcxproj" (build target(s)).

Build succeeded.

Time Elapsed 00:00:00.57
